ANC,Ted Stevens Anchorage International,Anchorage,Alaska
FAI,Fairbanks International,Fairbanks,Alaska
JNU,Juneau International,Juneau,Alaska
BET,Bethel,Bethel,Alaska
KTN,Ketchikan International,Ketchikan,Alaska
ENA,Kenai Municipal,Kenai,Alaska
ADQ,Kodiak,Kodiak,Alaska
SIT,Sitka Rocky Gutierrez,Sitka,Alaska
SCC,Deadhorse,Deadhorse,Alaska
OTZ,Ralph Wien Memorial,Kotzebue,Alaska
OME,Nome,Nome,Alaska
BRW,Wiley Post-Will Rogers Memorial,Barrow,Alaska
HOM,Homer,Homer,Alaska
AKN,King Salmon,King Salmon,Alaska
DUT,Unalaska,Unalaska,Alaska
DLG,Dillingham,Dillingham,Alaska
LHD,Lake Hood,Anchorage,Alaska
PSG,Petersburg James A Johnson,Petersburg,Alaska
CDV,Merle K (Mudhole) Smith,Cordova,Alaska
UNK,Unalakleet,Unalakleet,Alaska
MRI,Merrill Field,Anchorage,Alaska
VDZ,Valdez Pioneer Field,Valdez,Alaska
ANI,Aniak,Aniak,Alaska
KSM,St Mary's,St Mary's,Alaska
WRG,Wrangell,Wrangell,Alaska
GST,Gustavus,Gustavus,Alaska
GAL,Edward G Pitka Sr,Galena,Alaska
YAK,Yakutat,Yakutat,Alaska
HNH,Hoonah,Hoonah,Alaska
AKW,Klawock,Klawock,Alaska
HNS,Haines,Haines,Alaska
AQH,Quinhagak,Quinhagak,Alaska
SGY,Skagway,Skagway,Alaska
ENM,Emmonak,Emmonak,Alaska
CDB,Cold Bay,Cold Bay,Alaska
FYU,Fort Yukon,Fort Yukon,Alaska
IIK,Kipnuk,Kipnuk,Alaska
VAK,Chevak,Chevak,Alaska
HPB,Hooper Bay,Hooper Bay,Alaska
OOK,Toksook Bay,Toksook Bay,Alaska
ILI,Iliamna,Iliamna,Alaska
WLK,Selawik,Selawik,Alaska
CFK,Chefornak,Chefornak,Alaska
PHO,Point Hope,Point Hope,Alaska
SCM,Scammon Bay,Scammon Bay,Alaska
MOU,Mountain Village,Mountain Village,Alaska
2A9,Kotlik,Kotlik,Alaska
D76,Robert /Bob/ Curtis Memorial,Noorvik,Alaska
WTK,Noatak,Noatak,Alaska
DUY,Kongiganak,Kongiganak,Alaska
SDP,Sand Point,Sand Point,Alaska
Z09,Kasigluk,Kasigluk,Alaska
BVK,Buckland,Buckland,Alaska
A61,Tuntutuliak,Tuntutuliak,Alaska
AWI,Wainwright,Wainwright,Alaska
SOV,Seldovia,Seldovia,Alaska
AUK,Alakanuk,Alakanuk,Alaska
EEK,Eek,Eek,Alaska
GGV,Kwigillingok,Kwigillingok,Alaska
0AK,Pilot Station,Pilot Station,Alaska
SVA,Savoonga,Savoonga,Alaska
16A,Nunapitchuk,Nunapitchuk,Alaska
KVL,Kivalina,Kivalina,Alaska
KWT,Kwethluk,Kwethluk,Alaska
EWU,Newtok,Newtok,Alaska
AKP,Anaktuvuk Pass,Anaktuvuk Pass,Alaska
SHH,Shishmaref,Shishmaref,Alaska
GAM,Gambell,Gambell,Alaska
KLG,Kalskag,Kalskag,Alaska
Z13,Akiachak,Akiachak,Alaska
IAN,Bob Baker Memorial,Kiana,Alaska
MDM,Marshall Don Hunter Sr,Marshall,Alaska
TAL,Ralph M Calhoun Memorial,Tanana,Alaska
4KA,Tununak,Tununak,Alaska
HLA,Huslia,Huslia,Alaska
CXF,Coldfoot,Coldfoot,Alaska
BTI,Barter Island LRRS,Kaktovik,Alaska
MTM,Metlakatla,Metlakatla,Alaska
MCG,McGrath,McGrath,Alaska
SNP,St Paul Island,Saint Paul Island,Alaska
AQT,Nuiqsut,Nuiqsut,Alaska
WBB,Stebbins,Stebbins,Alaska
4A2,Atmautluak,Atmautluak,Alaska
IGT,Nightmute,Nightmute,Alaska
CGA,Craig,Craig,Alaska
TLT,Tuluksak,Tuluksak,Alaska
2A3,Larsen Bay,Larsen Bay,Alaska
BHM,Birmingham-Shuttlesworth International,Birmingham,Alabama
HSV,Huntsville International-Carl T Jones Field,Huntsville,Alabama
MOB,Mobile Regional,Mobile,Alabama
MGM,Montgomery Regional (Dannelly Field),Montgomery,Alabama
DHN,Dothan Regional,Dothan,Alabama
LIT,Bill and Hillary Clinton National/Adams Field,Little Rock,Arkansas
XNA,Northwest Arkansas Regional,Bentonville,Arkansas
FSM,Fort Smith Regional,Fort Smith,Arkansas
TXK,Texarkana Regional-Webb Field,Texarkana,Arkansas
JBR,Jonesboro Municipal,Jonesboro,Arkansas
HRO,Boone County,Harrison,Arkansas
ELD,South Arkansas Regional at Goodwin Field,El Dorado,Arkansas
HOT,Memorial Field,Hot Springs,Arkansas
PHX,Phoenix Sky Harbor International,Phoenix,Arizona
TUS,Tucson International,Tucson,Arizona
IWA,Phoenix-Mesa Gateway,Mesa,Arizona
GCN,Grand Canyon National Park,Grand Canyon,Arizona
1G4,Grand Canyon West,Peach Springs,Arizona
IFP,Laughlin/Bullhead International,Bullhead City,Arizona
NYL,Yuma MCAS/Yuma International,Yuma,Arizona
FLG,Flagstaff Pulliam,Flagstaff,Arizona
PGA,Page Municipal,Page,Arizona
PRC,Ernest A Love Field,Prescott,Arizona
LAX,Los Angeles International,Los Angeles,California
SFO,San Francisco International,San Francisco,California
SAN,San Diego International,San Diego,California
OAK,Metropolitan Oakland International,Oakland,California
SNA,John Wayne Airport-Orange County,Santa Ana,California
SJC,Norman Y Mineta San Jose International,San Jose,California
SMF,Sacramento International,Sacramento,California
ONT,Ontario International,Ontario,California
BUR,Bob Hope,Burbank,California
LGB,Long Beach /Daugherty Field/,Long Beach,California
PSP,Palm Springs International,Palm Springs,California
FAT,Fresno Yosemite International,Fresno,California
SBA,Santa Barbara Municipal,Santa Barbara,California
MRY,Monterey Regional,Monterey,California
SBP,San Luis County Regional,San Luis Obispo,California
STS,Charles M Schulz - Sonoma County,Santa Rosa,California
BFL,Meadows Field,Bakersfield,California
SCK,Stockton Metropolitan,Stockton,California
ACV,Arcata,Arcata,California
SMX,Santa Maria Public/Capt G Allan Hancock Field,Santa Maria,California
RDD,Redding Municipal,Redding,California
MMH,Mammoth Yosemite,Mammoth Lakes,California
CRQ,McClellan-Palomar,Carlsbad,California
VIS,Visalia Municipal,Visalia,California
CEC,Jack McNamara Field,Crescent City,California
IPL,Imperial County,Imperial,California
DEN,Denver International,Denver,Colorado
COS,City of Colorado Springs Municipal,Colorado Springs,Colorado
ASE,Aspen-Pitkin County/Sardy Field,Aspen,Colorado
GJT,Grand Junction Regional,Grand Junction,Colorado
DRO,Durango-La Plata County,Durango,Colorado
EGE,Eagle County Regional,Eagle,Colorado
MTJ,Montrose Regional,Montrose,Colorado
HDN,Yampa Valley,Hayden,Colorado
GUC,Gunnison-Crested Butte Regional,Gunnison,Colorado
PUB,Pueblo Memorial,Pueblo,Colorado
FNL,Fort Collins-Loveland Municipal,Loveland,Colorado
ALS,San Luis Valley Regional/Bergman Field,Alamosa,Colorado
BDL,Bradley International,Windsor Locks,Connecticut
HVN,Tweed-New Haven,New Haven,Connecticut
ILG,New Castle,Wilmington,Delaware
MIA,Miami International,Miami,Florida
MCO,Orlando International,Orlando,Florida
FLL,Fort Lauderdale/Hollywood International,Fort Lauderdale,Florida
TPA,Tampa International,Tampa,Florida
RSW,Southwest Florida International,Fort Myers,Florida
PBI,Palm Beach International,West Palm Beach,Florida
JAX,Jacksonville International,Jacksonville,Florida
SFB,Orlando Sanford International,Sanford,Florida
PIE,St Pete-Clearwater International,Clearwater,Florida
PNS,Pensacola International,Pensacola,Florida
SRQ,Sarasota/Bradenton International,Sarasota,Florida
ECP,Northwest Florida Beaches International,Panama City,Florida
PGD,Punta Gorda,Punta Gorda,Florida
VPS,Eglin AFB/Destin-Ft Walton Beach,Valparaiso,Florida
EYW,Key West International,Key West,Florida
TLH,Tallahassee International,Tallahassee,Florida
DAB,Daytona Beach International,Daytona Beach,Florida
MLB,Melbourne International,Melbourne,Florida
GNV,Gainesville Regional,Gainesville,Florida
SGJ,Northeast Florida Regional,Saint Augustine,Florida
ATL,Hartsfield - Jackson Atlanta International,Atlanta,Georgia
SAV,Savannah/Hilton Head International,Savannah,Georgia
AGS,Augusta Regional at Bush Field,Augusta,Georgia
CSG,Columbus,Columbus,Georgia
VLD,Valdosta Regional,Valdosta,Georgia
BQK,Brunswick Golden Isles,Brunswick,Georgia
ABY,Southwest Georgia Regional,Albany,Georgia
HNL,Honolulu International,Honolulu,Hawaii
OGG,Kahului,Kahului,Hawaii
LIH,Lihue,Lihue,Hawaii
KOA,Kona International at Keahole,Kailua Kona,Hawaii
ITO,Hilo International,Hilo,Hawaii
MKK,Molokai,Kaunakakai,Hawaii
LNY,Lanai,Lanai City,Hawaii
LUP,Kalaupapa,Kalaupapa,Hawaii
JRF,Kalaeloa (John Rodgers Field),Kapolei,Hawaii
MUE,Waimea-Kohala,Kamuela,Hawaii
DSM,Des Moines International,Des Moines,Iowa
CID,The Eastern Iowa,Cedar Rapids,Iowa
DBQ,Dubuque Regional,Dubuque,Iowa
ALO,Waterloo Regional,Waterloo,Iowa
SUX,Sioux Gateway/Col Bud Day Field,Sioux City,Iowa
BRL,Southeast Iowa Regional,Burlington,Iowa
MCW,Mason City Municipal,Mason City,Iowa
FOD,Fort Dodge Regional,Fort Dodge,Iowa
BOI,Boise Air Terminal/Gowen Field,Boise,Idaho
IDA,Idaho Falls Regional,Idaho Falls,Idaho
SUN,Friedman Memorial,Hailey,Idaho
LWS,Lewiston-Nez Perce County,Lewiston,Idaho
TWF,Joslin Field - Magic Valley Regional,Twin Falls,Idaho
PIH,Pocatello Regional,Arbon Valley,Idaho
ORD,Chicago O'Hare International,Chicago,Illinois
MDW,Chicago Midway International,Chicago,Illinois
MLI,Quad City International,Moline,Illinois
PIA,General Downing - Peoria International,Peoria,Illinois
BMI,Central IL Regional Airport at Bloomington-Normal,Bloomington-Normal Airport,Illinois
RFD,Chicago/Rockford International,Rockford,Illinois
SPI,Abraham Lincoln Capital,Springfield,Illinois
CMI,University of Illinois-Willard,Savoy,Illinois
BLV,Scott AFB/Midamerica,Belleville,Illinois
MWA,Williamson County Regional,Marion,Illinois
UIN,Quincy Regional-Baldwin Field,Quincy,Illinois
DEC,Decatur,Decatur,Illinois
IND,Indianapolis International,Indianapolis,Indiana
FWA,Fort Wayne International,Fort Wayne,Indiana
SBN,South Bend International,South Bend,Indiana
EVV,Evansville Regional,Evansville,Indiana
LAF,Purdue University,Lafayette,Indiana
ICT,Wichita Dwight D Eisenhower National,Wichita,Kansas
MHK,Manhattan Regional,Manhattan,Kansas
GCK,Garden City Regional,Garden City,Kansas
SLN,Salina Regional,Salina,Kansas
HYS,Hays Regional,Hays,Kansas
LBL,Liberal Mid-America Regional,Liberal,Kansas
FOE,Topeka Regional,Topeka,Kansas
CVG,Cincinnati/Northern Kentucky International,Greater Cincinnati International Airport,Kentucky
SDF,Louisville International-Standiford Field,Louisville,Kentucky
LEX,Blue Grass,Lexington,Kentucky
OWB,Owensboro-Daviess County,Owensboro,Kentucky
PAH,Barkley Regional,Paducah,Kentucky
MSY,Louis Armstrong New Orleans International,Metairie,Louisiana
BTR,Baton Rouge Metropolitan, Ryan Field,Baton Rouge,Louisiana
SHV,Shreveport Regional,Shreveport,Louisiana
LFT,Lafayette Regional/Paul Fournet Field,Lafayette,Louisiana
AEX,Alexandria International,Alexandria,Louisiana
MLU,Monroe Regional,Monroe,Louisiana
LCH,Lake Charles Regional,Lake Charles,Louisiana
BOS,General Edward Lawrence Logan International,Boston,Massachusetts
ACK,Nantucket Memorial,Nantucket,Massachusetts
HYA,Barnstable Municipal-Boardman/Polando Field,Hyannis,Massachusetts
ORH,Worcester Regional,Worcester,Massachusetts
MVY,Martha's Vineyard,Vineyard Haven,Massachusetts
PVC,Provincetown Municipal,Provincetown,Massachusetts
EWB,New Bedford Regional,New Bedford,Massachusetts
BWI,Baltimore/Washington International Thurgood Marshall,Glen Burnie,Maryland
SBY,Salisbury-Ocean City Wicomico Regional,Salisbury,Maryland
HGR,Hagerstown Regional-Richard A Henson Field,Hagerstown,Maryland
PWM,Portland International Jetport,Portland,Maine
BGR,Bangor International,Bangor,Maine
RKD,Knox County Regional,Rockland,Maine
PQI,Northern Maine Regional Airport at Presque Isle,Presque Isle,Maine
BHB,Hancock County-Bar Harbor,Bar Harbor,Maine
AUG,Augusta State,Augusta,Maine
DTW,Detroit Metropolitan Wayne County,Detroit,Michigan
GRR,Gerald R Ford International,Grand Rapids,Michigan
FNT,Bishop International,Flint,Michigan
TVC,Cherry Capital,Traverse City,Michigan
LAN,Capital Region International,Clinton (Township of),Michigan
AZO,Kalamazoo/Battle Creek International,Kalamazoo,Michigan
MBS,MBS International,Saginaw,Michigan
SAW,Sawyer International,Gwinn,Michigan
CMX,Houghton County Memorial,Hancock,Michigan
PLN,Pellston Regional Airport of Emmet County,Pellston,Michigan
CIU,Chippewa County International,Sault Ste. Marie,Michigan
MKG,Muskegon County,Muskegon,Michigan
ESC,Delta County,Escanaba,Michigan
IMT,Ford,Iron Mountain,Michigan
APN,Alpena County Regional,Alpena,Michigan
IWD,Gogebic-Iron County,Ironwood,Michigan
YIP,Willow Run,Detroit,Michigan
PTK,Oakland County International,Pontiac,Michigan
MSP,Minneapolis-St Paul International/Wold-Chamberlain,Minneapolis,Minnesota
DLH,Duluth International,Duluth,Minnesota
RST,Rochester International,Rochester,Minnesota
BJI,Bemidji Regional,Bemidji,Minnesota
STC,St. Cloud Regional,St. Cloud,Minnesota
BRD,Brainerd Lakes Regional,Brainerd,Minnesota
INL,Falls International-Einarson Field,International Falls,Minnesota
HIB,Range Regional,Hibbing,Minnesota
STL,Lambert-St Louis International,St. Louis,Missouri
MCI,Kansas City International,Kansas City,Missouri
SGF,Springfield-Branson National,Springfield,Missouri
COU,Columbia Regional,Columbia,Missouri
JLN,Joplin Regional,Joplin,Missouri
CGI,Cape Girardeau Regional,Scott City,Missouri
IRK,Kirksville Regional,Kirksville,Missouri
JAN,Jackson-Medgar Wiley Evers International,Jackson,Mississippi
GPT,Gulfport-Biloxi International,Gulfport,Mississippi
GTR,Golden Triangle Regional,Columbus,Mississippi
MEI,Key Field,Meridian,Mississippi
PIB,Hattiesburg-Laurel Regional,Moselle,Mississippi
UTA,Tunica Municipal,Tunica,Mississippi
TUP,Tupelo Regional,Tupelo,Mississippi
BZN,Bozeman Yellowstone International,Bozeman,Montana
BIL,Billings Logan International,Billings,Montana
MSO,Missoula International,Missoula,Montana
GPI,Glacier Park International,Kalispell,Montana
GTF,Great Falls International,Great Falls,Montana
HLN,Helena Regional,Helena,Montana
BTM,Bert Mooney,Butte,Montana
SDY,Sidney-Richland Municipal,Sidney,Montana
WYS,Yellowstone,West Yellowstone,Montana
OLF,L M Clayton,Wolf Point,Montana
GGW,Wokal Field/Glasgow International,Glasgow,Montana
CLT,Charlotte/Douglas International,Charlotte,North Carolina
RDU,Raleigh-Durham International,Raleigh,North Carolina
GSO,Piedmont Triad International,Greensboro,North Carolina
AVL,Asheville Regional,Asheville,North Carolina
ILM,Wilmington International,Wilmington,North Carolina
FAY,Fayetteville Regional/Grannis Field,Fayetteville,North Carolina
OAJ,Albert J Ellis,Jacksonville,North Carolina
EWN,Coastal Carolina Regional,New Bern,North Carolina
JQF,Concord Regional,Concord,North Carolina
PGV,Pitt-Greenville,Greenville,North Carolina
FAR,Hector International,Fargo,North Dakota
BIS,Bismarck Municipal,Bismarck,North Dakota
MOT,Minot International,Minot,North Dakota
GFK,Grand Forks International,Grand Forks,North Dakota
ISN,Sloulin Field International,Williston,North Dakota
DIK,Dickinson - Theodore Roosevelt Regional,Dickinson,North Dakota
DVL,Devils Lake Regional,Devils Lake,North Dakota
JMS,Jamestown Regional,Jamestown,North Dakota
OMA,Eppley Airfield,Omaha,Nebraska
LNK,Lincoln,Lincoln,Nebraska
GRI,Central Nebraska Regional,Grand Island,Nebraska
BFF,Western Nebraska Regional/William B Heilig Field,Scottsbluff,Nebraska
LBF,North Platte Regional Airport Lee Bird Field,North Platte,Nebraska
EAR,Kearney Regional,Kearney,Nebraska
MHT,Manchester,Manchester,New Hampshire
PSM,Portsmouth International at Pease,Portsmouth,New Hampshire
LEB,Lebanon Municipal,Lebanon,New Hampshire
EWR,Newark Liberty International,Newark,New Jersey
ACY,Atlantic City International,Atlantic City,New Jersey
TTN,Trenton Mercer,Trenton,New Jersey
ABQ,Albuquerque International Sunport,Albuquerque,New Mexico
SAF,Santa Fe Municipal,Santa Fe,New Mexico
ROW,Roswell International Air Center,Roswell,New Mexico
HOB,Lea County Regional,Hobbs,New Mexico
CVN,Clovis Municipal,Clovis,New Mexico
SVC,Grant County,Silver City,New Mexico
FMN,Four Corners Regional,Farmington,New Mexico
LAS,McCarran International,Las Vegas,Nevada
RNO,Reno/Tahoe International,Reno,Nevada
BVU,Boulder City Municipal,Boulder City,Nevada
HND,Henderson Executive,Las Vegas,Nevada
VGT,North Las Vegas,Las Vegas,Nevada
EKO,Elko Regional,Elko,Nevada
JFK,John F Kennedy International,New York,New York
LGA,Laguardia,New York,New York
BUF,Buffalo Niagara International,Buffalo,New York
ALB,Albany International,Albany,New York
ROC,Greater Rochester International,Rochester,New York
SYR,Syracuse Hancock International,Syracuse,New York
HPN,Westchester County,White Plains,New York
ISP,Long Island MacArthur,Islip,New York
ELM,Elmira/Corning Regional,Elmira,New York
SWF,Stewart International,Newburgh,New York
PBG,Plattsburgh International,Plattsburgh,New York
IAG,Niagara Falls International,Niagara Falls,New York
ITH,Ithaca Tompkins Regional,Ithaca,New York
BGM,Greater Binghamton/Edwin A Link Field,Binghamton,New York
ART,Watertown International,Watertown,New York
OGS,Ogdensburg International,Ogdensburg,New York
SLK,Adirondack Regional,Saranac Lake,New York
MSS,Massena International-Richards Field,Massena,New York
CLE,Cleveland-Hopkins International,Cleveland,Ohio
CMH,Port Columbus International,Columbus,Ohio
DAY,James M Cox Dayton International,Dayton,Ohio
CAK,Akron-Canton Regional,Akron,Ohio
TOL,Toledo Express,Toledo,Ohio
LCK,Rickenbacker International,Columbus,Ohio
YNG,Youngstown-Warren Regional,Youngstown,Ohio
LUK,Cincinnati Municipal Airport Lunken Field,Cincinnati,Ohio
BKL,Burke Lakefront,Cleveland,Ohio
OKC,Will Rogers World,Oklahoma City,Oklahoma
TUL,Tulsa International,Tulsa,Oklahoma
LAW,Lawton-Fort Sill Regional,Lawton,Oklahoma
PDX,Portland International,Portland,Oregon
EUG,Mahlon Sweet Field,Eugene,Oregon
MFR,Rogue Valley International - Medford,Medford,Oregon
RDM,Roberts Field,Redmond,Oregon
OTH,Southwest Oregon Regional,North Bend,Oregon
PDT,Eastern Oregon Regional at Pendleton,Pendleton,Oregon
PHL,Philadelphia International,Philadelphia,Pennsylvania
PIT,Pittsburgh International,Pittsburgh,Pennsylvania
MDT,Harrisburg International,Harrisburg,Pennsylvania
ABE,Lehigh Valley International,Allentown,Pennsylvania
AVP,Wilkes-Barre/Scranton International,Avoca,Pennsylvania
LBE,Arnold Palmer Regional,Latrobe,Pennsylvania
UNV,University Park,State College,Pennsylvania
ERI,Erie International/Tom Ridge Field,Erie,Pennsylvania
IPT,Williamsport Regional,Williamsport,Pennsylvania
JST,John Murtha Johnstown-Cambria County,Johnstown,Pennsylvania
BFD,Bradford Regional,Bradford,Pennsylvania
DUJ,Dubois Regional,Brookville,Pennsylvania
PVD,Theodore Francis Green State,Warwick,Rhode Island
BID,Block Island State,Block Island,Rhode Island
WST,Westerly State,Westerly,Rhode Island
CHS,Charleston AFB/International,Charleston,South Carolina
GSP,Greenville Spartanburg International,Greer,South Carolina
MYR,Myrtle Beach International,Myrtle Beach,South Carolina
CAE,Columbia Metropolitan,Columbia,South Carolina
FLO,Florence Regional,Florence,South Carolina
HXD,Hilton Head,Hilton Head Island,South Carolina
FSD,Joe Foss Field,Sioux Falls,South Dakota
RAP,Rapid City Regional,Rapid City,South Dakota
ABR,Aberdeen Regional,Aberdeen,South Dakota
PIR,Pierre Regional,Pierre,South Dakota
BNA,Nashville International,Nashville,Tennessee
MEM,Memphis International,Memphis,Tennessee
TYS,McGhee Tyson,Alcoa,Tennessee
CHA,Lovell Field,Chattanooga,Tennessee
TRI,Tri-Cities Regional TN/VA,Bristol/Johnson/Kingsport,Tennessee
DFW,Dallas-Fort Worth International,Fort Worth,Texas
IAH,George Bush Intercontinental/Houston,Houston,Texas
DAL,Dallas Love Field,Dallas,Texas
HOU,William P Hobby,Houston,Texas
AUS,Austin-Bergstrom International,Austin,Texas
SAT,San Antonio International,San Antonio,Texas
ELP,El Paso International,El Paso,Texas
MAF,Midland International,Midland,Texas
LBB,Lubbock Preston Smith International,Lubbock,Texas
MFE,McAllen Miller International,McAllen,Texas
AMA,Rick Husband Amarillo International,Amarillo,Texas
CRP,Corpus Christi International,Corpus Christi,Texas
HRL,Valley International,Harlingen,Texas
GRK,Robert Gray AAF,Killeen,Texas
BRO,Brownsville/South Padre Island International,Brownsville,Texas
LRD,Laredo International,Laredo,Texas
CLL,Easterwood Field,College Station,Texas
ABI,Abilene Regional,Abilene,Texas
TYR,Tyler Pounds Regional,Tyler,Texas
SJT,San Angelo Regional/Mathis Field,San Angelo,Texas
ACT,Waco Regional,Waco,Texas
SPS,Sheppard AFB/Wichita Falls Municipal,Wichita Falls,Texas
BPT,Jack Brooks Regional,Beaumont,Texas
GGG,East Texas Regional,Longview,Texas
SLC,Salt Lake City International,Salt Lake City,Utah
SGU,St George Regional,St. George,Utah
PVU,Provo Municipal,Provo,Utah
OGD,Ogden-Hinckley,Ogden,Utah
CDC,Cedar City Regional,Cedar City,Utah
DCA,Ronald Reagan Washington National,Arlington,Virginia
IAD,Washington Dulles International,Dulles,Virginia
RIC,Richmond International,Highland Springs,Virginia
ORF,Norfolk International,Norfolk,Virginia
ROA,Roanoke-Blacksburg Regional/Woodrum Field,Roanoke,Virginia
CHO,Charlottesville-Albemarle,Charlottesville-Albemarle Airport,Virginia
PHF,Newport News/Williamsburg International,Newport News,Virginia
LYH,Lynchburg Regional/Preston Glenn Field,Timberlake,Virginia
SHD,Shenandoah Valley Regional,Weyers Cave,Virginia
BTV,Burlington International,Burlington,Vermont
RUT,Rutland - Southern Vermont Regional,Rutland,Vermont
SEA,Seattle-Tacoma International,Seattle,Washington
GEG,Spokane International,Spokane,Washington
BLI,Bellingham International,Bellingham,Washington
PSC,Tri-Cities,Pasco,Washington
YKM,Yakima Air Terminal/McAllister Field,Yakima,Washington
EAT,Pangborn Memorial,East Wenatchee,Washington
PUW,Pullman/Moscow Regional,Pullman,Washington
ALW,Walla Walla Regional,Walla Walla,Washington
BFI,Boeing Field/King County International,Seattle,Washington
FHR,Friday Harbor,Friday Harbor,Washington
ORS,Orcas Island,Eastsound,Washington
W33,Friday Harbor,Friday Harbor,Washington
MKE,General Mitchell International,Milwaukee,Wisconsin
MSN,Dane County Regional-Truax Field,Madison,Wisconsin
GRB,Green Bay-Austin Straubel International,Green Bay,Wisconsin
ATW,Appleton International,Appleton,Wisconsin
CWA,Central Wisconsin,Mosinee,Wisconsin
LSE,La Crosse Regional,La Crosse,Wisconsin
RHI,Rhinelander-Oneida County,Rhinelander,Wisconsin
EAU,Chippewa Valley Regional,Eau Claire,Wisconsin
CRW,Yeager,Charleston,West Virginia
HTS,Tri-State/Milton J Ferguson Field,Huntington,West Virginia
CKB,North Central West Virginia,Clarksburg,West Virginia
MGW,Morgantown Municipal-Walter L Bill Hart Field,Morgantown,West Virginia
LWB,Greenbrier Valley,Lewisburg,West Virginia
PKB,Mid-Ohio Valley Regional,Parkersburg,West Virginia
JAC,Jackson Hole,Jackson,Wyoming
CPR,Casper/Natrona County International,Casper,Wyoming
COD,Yellowstone Regional,Cody,Wyoming
GCC,Gillette-Campbell County,Gillette,Wyoming
RKS,Rock Springs-Sweetwater County,Rock Springs,Wyoming
LAR,Laramie Regional,Laramie,Wyoming
CYS,Cheyenne Regional/Jerry Olson Field,Cheyenne,Wyoming
RIW,Riverton Regional,Riverton,Wyoming
